2025-02-18 08:47:34 ERROR Failed to connect to database
2025-02-18 08:47:34 ERROR Details:
2025-02-18 08:47:34 ERROR Connection timeout after 30 seconds
2025-02-18 08:51:45 ERROR Unable to write to log file
2025-02-18 08:51:45 ERROR Details:
2025-02-18 08:51:45 ERROR Disk write permission denied
2025-02-18 08:56:45 ERROR Network timeout
2025-02-18 08:56:45 ERROR Details:
2025-02-18 08:56:45 ERROR Server did not respond within the allotted time
2025-02-19 09:07:12 ERROR Failed to connect to database
2025-02-19 09:07:12 ERROR Details:
2025-02-19 09:07:12 ERROR Connection timeout after 30 seconds
2025-02-19 09:11:45 ERROR Unable to write to log file
2025-02-19 09:11:45 ERROR Details:
2025-02-19 09:11:45 ERROR Disk write permission denied
2025-02-19 09:16:45 ERROR Network timeout
2025-02-19 09:16:45 ERROR Details:
2025-02-19 09:16:45 ERROR Server did not respond within the allotted time
2025-02-19 09:29:45 ERROR Application crash
2025-02-19 09:29:45 ERROR Details:
2025-02-19 09:29:45 ERROR Null pointer exception in module X
2025-02-20 10:07:12 ERROR Failed to connect to database
2025-02-20 10:07:12 ERROR Details:
2025-02-20 10:07:12 ERROR Connection timeout after 30 seconds
2025-02-20 10:11:45 ERROR Unable to write to log file
2025-02-20 10:11:45 ERROR Details:
2025-02-20 10:11:45 ERROR Disk write permission denied
2025-02-20 10:16:45 ERROR Network timeout
2025-02-20 10:16:45 ERROR Details:
2025-02-20 10:16:45 ERROR Server did not respond within the allotted time
2025-02-20 10:29:45 ERROR Application crash
2025-02-20 10:29:45 ERROR Details:
2025-02-20 10:29:45 ERROR Null pointer exception in module X
